<?xml version="1.0" encoding="UTF-8"?>
<coverage generated="1594533218415" clover="3.2.0">
  <project timestamp="1594533218415" name="All files">
    <metrics statements="61" coveredstatements="47" conditionals="29" coveredconditionals="14" methods="20" coveredmethods="13" elements="110" coveredelements="74" complexity="0" loc="61" ncloc="61" packages="5" files="8" classes="8"/>
    <package name="CL-React-Native">
      <metrics statements="3" coveredstatements="3" conditionals="2" coveredconditionals="1" methods="1" coveredmethods="1"/>
      <file name="App.tsx" path="/Users/alka/Desktop/CL-React-Native/App.tsx">
        <metrics statements="3" coveredstatements="3" conditionals="2" coveredconditionals="1" methods="1" coveredmethods="1"/>
        <line num="31" count="1" type="stmt"/>
        <line num="32" count="1" type="stmt"/>
        <line num="79" count="1" type="stmt"/>
      </file>
    </package>
    <package name="CL-React-Native.src.components.onboarding">
      <metrics statements="16" coveredstatements="10" conditionals="8" coveredconditionals="3" methods="6" coveredmethods="4"/>
      <file name="index.tsx" path="/Users/alka/Desktop/CL-React-Native/src/components/onboarding/index.tsx">
        <metrics statements="14" coveredstatements="8" conditionals="8" coveredconditionals="3" methods="5" coveredmethods="3"/>
        <line num="23" count="1" type="stmt"/>
        <line num="30" count="22" type="stmt"/>
        <line num="31" count="22" type="stmt"/>
        <line num="32" count="22" type="stmt"/>
        <line num="33" count="0" type="stmt"/>
        <line num="34" count="0" type="stmt"/>
        <line num="37" count="0" type="stmt"/>
        <line num="38" count="0" type="stmt"/>
        <line num="41" count="22" type="stmt"/>
        <line num="42" count="0" type="stmt"/>
        <line num="43" count="0" type="stmt"/>
        <line num="49" count="22" type="stmt"/>
        <line num="53" count="22" type="stmt"/>
        <line num="59" count="22" type="stmt"/>
      </file>
      <file name="onboardingStyles.tsx" path="/Users/alka/Desktop/CL-React-Native/src/components/onboarding/onboardingStyles.tsx">
        <metrics statements="2" coveredstatements="2" conditionals="0" coveredconditionals="0" methods="1" coveredmethods="1"/>
        <line num="6" count="1" type="stmt"/>
        <line num="7" count="22" type="stmt"/>
      </file>
    </package>
    <package name="CL-React-Native.src.components.onboarding.slide">
      <metrics statements="9" coveredstatements="9" conditionals="10" coveredconditionals="7" methods="2" coveredmethods="2"/>
      <file name="index.tsx" path="/Users/alka/Desktop/CL-React-Native/src/components/onboarding/slide/index.tsx">
        <metrics statements="2" coveredstatements="2" conditionals="10" coveredconditionals="7" methods="1" coveredmethods="1"/>
        <line num="16" count="2" type="stmt"/>
        <line num="20" count="55" type="stmt"/>
      </file>
      <file name="slide.styles.ts" path="/Users/alka/Desktop/CL-React-Native/src/components/onboarding/slide/slide.styles.ts">
        <metrics statements="7" coveredstatements="7" conditionals="0" coveredconditionals="0" methods="1" coveredmethods="1"/>
        <line num="8" count="2" type="stmt"/>
        <line num="10" count="55" type="stmt"/>
        <line num="16" count="2" type="stmt"/>
        <line num="23" count="2" type="stmt"/>
        <line num="30" count="2" type="stmt"/>
        <line num="37" count="2" type="stmt"/>
        <line num="43" count="2" type="stmt"/>
      </file>
    </package>
    <package name="CL-React-Native.src.components.onboarding.slideButtons">
      <metrics statements="18" coveredstatements="10" conditionals="6" coveredconditionals="1" methods="6" coveredmethods="1"/>
      <file name="index.tsx" path="/Users/alka/Desktop/CL-React-Native/src/components/onboarding/slideButtons/index.tsx">
        <metrics statements="10" coveredstatements="3" conditionals="4" coveredconditionals="1" methods="5" coveredmethods="1"/>
        <line num="19" count="2" type="stmt"/>
        <line num="25" count="36" type="stmt"/>
        <line num="26" count="0" type="stmt"/>
        <line num="28" count="0" type="stmt"/>
        <line num="29" count="0" type="stmt"/>
        <line num="31" count="0" type="stmt"/>
        <line num="34" count="36" type="stmt"/>
        <line num="38" count="0" type="stmt"/>
        <line num="42" count="0" type="stmt"/>
        <line num="48" count="0" type="stmt"/>
      </file>
      <file name="slideButtonStyles.ts" path="/Users/alka/Desktop/CL-React-Native/src/components/onboarding/slideButtons/slideButtonStyles.ts">
        <metrics statements="8" coveredstatements="7" conditionals="2" coveredconditionals="0" methods="1" coveredmethods="0"/>
        <line num="8" count="2" type="stmt"/>
        <line num="15" count="2" type="stmt"/>
        <line num="19" count="0" type="cond" truecount="0" falsecount="2"/>
        <line num="23" count="2" type="stmt"/>
        <line num="29" count="2" type="stmt"/>
        <line num="35" count="2" type="stmt"/>
        <line num="39" count="2" type="stmt"/>
        <line num="45" count="2" type="stmt"/>
      </file>
    </package>
    <package name="CL-React-Native.src.components.utils">
      <metrics statements="15" coveredstatements="15" conditionals="3" coveredconditionals="2" methods="5" coveredmethods="5"/>
      <file name="index.ts" path="/Users/alka/Desktop/CL-React-Native/src/components/utils/index.ts">
        <metrics statements="15" coveredstatements="15" conditionals="3" coveredconditionals="2" methods="5" coveredmethods="5"/>
        <line num="3" count="4" type="stmt"/>
        <line num="4" count="14" type="stmt"/>
        <line num="6" count="14" type="stmt"/>
        <line num="7" count="14" type="stmt"/>
        <line num="10" count="4" type="stmt"/>
        <line num="11" count="5" type="stmt"/>
        <line num="13" count="5" type="stmt"/>
        <line num="14" count="5" type="stmt"/>
        <line num="17" count="4" type="stmt"/>
        <line num="18" count="1" type="cond" truecount="1" falsecount="1"/>
        <line num="21" count="4" type="cond" truecount="1" falsecount="0"/>
        <line num="22" count="1" type="stmt"/>
        <line num="25" count="4" type="stmt"/>
        <line num="26" count="1" type="stmt"/>
        <line num="35" count="1" type="stmt"/>
      </file>
    </package>
  </project>
</coverage>
