{"/Users/alka/Desktop/CL-React-Native/App.tsx": {"path":"/Users/alka/Desktop/CL-React-Native/App.tsx","statementMap":{"0":{"start":{"line":31,"column":12},"end":{"line":77,"column":1}},"1":{"start":{"line":32,"column":2},"end":{"line":76,"column":4}},"2":{"start":{"line":79,"column":15},"end":{"line":116,"column":2}}},"fnMap":{"0":{"name":"(anonymous_0)","decl":{"start":{"line":31,"column":12},"end":{"line":31,"column":13}},"loc":{"start":{"line":31,"column":18},"end":{"line":77,"column":1}},"line":31}},"branchMap":{"0":{"loc":{"start":{"line":40,"column":11},"end":{"line":44,"column":11}},"type":"cond-expr","locations":[{"start":{"line":40,"column":43},"end":{"line":40,"column":47}},{"start":{"line":41,"column":12},"end":{"line":43,"column":19}}],"line":40}},"s":{"0":1,"1":1,"2":1},"f":{"0":1},"b":{"0":[1,0]},"_coverageSchema":"43e27e138ebf9cfc5966b082cf9a028302ed4184","hash":"3c79140b12261af5b36e169262823f699caf02df"}
,"/Users/alka/Desktop/CL-React-Native/src/components/onboarding/index.tsx": {"path":"/Users/alka/Desktop/CL-React-Native/src/components/onboarding/index.tsx","statementMap":{"0":{"start":{"line":23,"column":31},"end":{"line":76,"column":1}},"1":{"start":{"line":30,"column":38},"end":{"line":30,"column":57}},"2":{"start":{"line":31,"column":22},"end":{"line":31,"column":35}},"3":{"start":{"line":32,"column":26},"end":{"line":39,"column":3}},"4":{"start":{"line":33,"column":24},"end":{"line":33,"column":51}},"5":{"start":{"line":34,"column":19},"end":{"line":34,"column":50}},"6":{"start":{"line":37,"column":18},"end":{"line":37,"column":62}},"7":{"start":{"line":38,"column":4},"end":{"line":38,"column":27}},"8":{"start":{"line":41,"column":25},"end":{"line":47,"column":3}},"9":{"start":{"line":42,"column":4},"end":{"line":42,"column":32}},"10":{"start":{"line":43,"column":4},"end":{"line":46,"column":7}},"11":{"start":{"line":49,"column":2},"end":{"line":75,"column":4}},"12":{"start":{"line":53,"column":40},"end":{"line":53,"column":56}},"13":{"start":{"line":59,"column":10},"end":{"line":59,"column":65}}},"fnMap":{"0":{"name":"(anonymous_0)","decl":{"start":{"line":23,"column":31},"end":{"line":23,"column":32}},"loc":{"start":{"line":29,"column":6},"end":{"line":76,"column":1}},"line":29},"1":{"name":"(anonymous_1)","decl":{"start":{"line":32,"column":26},"end":{"line":32,"column":27}},"loc":{"start":{"line":32,"column":33},"end":{"line":39,"column":3}},"line":32},"2":{"name":"(anonymous_2)","decl":{"start":{"line":41,"column":25},"end":{"line":41,"column":26}},"loc":{"start":{"line":41,"column":32},"end":{"line":47,"column":3}},"line":41},"3":{"name":"(anonymous_3)","decl":{"start":{"line":53,"column":22},"end":{"line":53,"column":23}},"loc":{"start":{"line":53,"column":40},"end":{"line":53,"column":56}},"line":53},"4":{"name":"(anonymous_4)","decl":{"start":{"line":58,"column":20},"end":{"line":58,"column":21}},"loc":{"start":{"line":59,"column":10},"end":{"line":59,"column":65}},"line":59}},"branchMap":{"0":{"loc":{"start":{"line":24,"column":2},"end":{"line":24,"column":63}},"type":"default-arg","locations":[{"start":{"line":24,"column":9},"end":{"line":24,"column":63}}],"line":24},"1":{"loc":{"start":{"line":25,"column":2},"end":{"line":25,"column":21}},"type":"default-arg","locations":[{"start":{"line":25,"column":17},"end":{"line":25,"column":21}}],"line":25},"2":{"loc":{"start":{"line":26,"column":2},"end":{"line":26,"column":18}},"type":"default-arg","locations":[{"start":{"line":26,"column":14},"end":{"line":26,"column":18}}],"line":26},"3":{"loc":{"start":{"line":27,"column":2},"end":{"line":27,"column":25}},"type":"default-arg","locations":[{"start":{"line":27,"column":20},"end":{"line":27,"column":25}}],"line":27},"4":{"loc":{"start":{"line":45,"column":13},"end":{"line":45,"column":56}},"type":"cond-expr","locations":[{"start":{"line":45,"column":25},"end":{"line":45,"column":39}},{"start":{"line":45,"column":42},"end":{"line":45,"column":56}}],"line":45},"5":{"loc":{"start":{"line":64,"column":7},"end":{"line":73,"column":7}},"type":"binary-expr","locations":[{"start":{"line":64,"column":7},"end":{"line":64,"column":19}},{"start":{"line":65,"column":8},"end":{"line":72,"column":32}}],"line":64}},"s":{"0":1,"1":22,"2":22,"3":22,"4":0,"5":0,"6":0,"7":0,"8":22,"9":0,"10":0,"11":22,"12":22,"13":22},"f":{"0":22,"1":0,"2":0,"3":22,"4":22},"b":{"0":[0],"1":[0],"2":[0],"3":[22],"4":[0,0],"5":[22,22]},"_coverageSchema":"43e27e138ebf9cfc5966b082cf9a028302ed4184","hash":"8ec9841f7d18618b2dd2789f3f5b1bc80a238d33"}
,"/Users/alka/Desktop/CL-React-Native/src/components/onboarding/onboardingStyles.tsx": {"path":"/Users/alka/Desktop/CL-React-Native/src/components/onboarding/onboardingStyles.tsx","statementMap":{"0":{"start":{"line":6,"column":25},"end":{"line":9,"column":1}},"1":{"start":{"line":7,"column":40},"end":{"line":7,"column":60}}},"fnMap":{"0":{"name":"(anonymous_0)","decl":{"start":{"line":7,"column":22},"end":{"line":7,"column":23}},"loc":{"start":{"line":7,"column":40},"end":{"line":7,"column":60}},"line":7}},"branchMap":{},"s":{"0":1,"1":22},"f":{"0":22},"b":{},"_coverageSchema":"43e27e138ebf9cfc5966b082cf9a028302ed4184","hash":"9468c483328adce9d0e2a2dfbd2adaefd5a43a51"}
,"/Users/alka/Desktop/CL-React-Native/src/components/onboarding/slide/index.tsx": {"path":"/Users/alka/Desktop/CL-React-Native/src/components/onboarding/slide/index.tsx","statementMap":{"0":{"start":{"line":16,"column":26},"end":{"line":35,"column":1}},"1":{"start":{"line":20,"column":2},"end":{"line":34,"column":4}}},"fnMap":{"0":{"name":"(anonymous_0)","decl":{"start":{"line":16,"column":26},"end":{"line":16,"column":27}},"loc":{"start":{"line":19,"column":6},"end":{"line":35,"column":1}},"line":19}},"branchMap":{"0":{"loc":{"start":{"line":17,"column":31},"end":{"line":17,"column":51}},"type":"default-arg","locations":[{"start":{"line":17,"column":47},"end":{"line":17,"column":51}}],"line":17},"1":{"loc":{"start":{"line":18,"column":2},"end":{"line":18,"column":26}},"type":"default-arg","locations":[{"start":{"line":18,"column":20},"end":{"line":18,"column":26}}],"line":18},"2":{"loc":{"start":{"line":22,"column":7},"end":{"line":32,"column":7}},"type":"cond-expr","locations":[{"start":{"line":23,"column":8},"end":{"line":23,"column":21}},{"start":{"line":25,"column":8},"end":{"line":31,"column":19}}],"line":22},"3":{"loc":{"start":{"line":26,"column":11},"end":{"line":26,"column":51}},"type":"binary-expr","locations":[{"start":{"line":26,"column":11},"end":{"line":26,"column":16}},{"start":{"line":26,"column":20},"end":{"line":26,"column":51}}],"line":26},"4":{"loc":{"start":{"line":28,"column":13},"end":{"line":28,"column":52}},"type":"binary-expr","locations":[{"start":{"line":28,"column":13},"end":{"line":28,"column":20}},{"start":{"line":28,"column":24},"end":{"line":28,"column":52}}],"line":28},"5":{"loc":{"start":{"line":29,"column":13},"end":{"line":29,"column":40}},"type":"binary-expr","locations":[{"start":{"line":29,"column":13},"end":{"line":29,"column":17}},{"start":{"line":29,"column":21},"end":{"line":29,"column":40}}],"line":29}},"s":{"0":2,"1":55},"f":{"0":55},"b":{"0":[22],"1":[0],"2":[0,55],"3":[55,0],"4":[55,55],"5":[55,55]},"_coverageSchema":"43e27e138ebf9cfc5966b082cf9a028302ed4184","hash":"27308d9b95c618131bc4c5089ccbe25f9e6c452e"}
,"/Users/alka/Desktop/CL-React-Native/src/components/onboarding/slide/slide.styles.ts": {"path":"/Users/alka/Desktop/CL-React-Native/src/components/onboarding/slide/slide.styles.ts","statementMap":{"0":{"start":{"line":8,"column":25},"end":{"line":14,"column":1}},"1":{"start":{"line":10,"column":35},"end":{"line":10,"column":56}},"2":{"start":{"line":16,"column":37},"end":{"line":21,"column":1}},"3":{"start":{"line":23,"column":23},"end":{"line":28,"column":1}},"4":{"start":{"line":30,"column":30},"end":{"line":35,"column":1}},"5":{"start":{"line":37,"column":20},"end":{"line":41,"column":1}},"6":{"start":{"line":43,"column":21},"end":{"line":46,"column":1}}},"fnMap":{"0":{"name":"(anonymous_0)","decl":{"start":{"line":10,"column":16},"end":{"line":10,"column":17}},"loc":{"start":{"line":10,"column":35},"end":{"line":10,"column":56}},"line":10}},"branchMap":{},"s":{"0":2,"1":55,"2":2,"3":2,"4":2,"5":2,"6":2},"f":{"0":55},"b":{},"_coverageSchema":"43e27e138ebf9cfc5966b082cf9a028302ed4184","hash":"e1423f87fec8fe82326d605fb59c4e39bed91796"}
,"/Users/alka/Desktop/CL-React-Native/src/components/onboarding/slideButtons/index.tsx": {"path":"/Users/alka/Desktop/CL-React-Native/src/components/onboarding/slideButtons/index.tsx","statementMap":{"0":{"start":{"line":19,"column":33},"end":{"line":55,"column":1}},"1":{"start":{"line":25,"column":24},"end":{"line":32,"column":3}},"2":{"start":{"line":26,"column":33},"end":{"line":26,"column":35}},"3":{"start":{"line":28,"column":4},"end":{"line":30,"column":5}},"4":{"start":{"line":28,"column":17},"end":{"line":28,"column":18}},"5":{"start":{"line":29,"column":6},"end":{"line":29,"column":74}},"6":{"start":{"line":31,"column":4},"end":{"line":31,"column":27}},"7":{"start":{"line":34,"column":2},"end":{"line":54,"column":4}},"8":{"start":{"line":38,"column":35},"end":{"line":38,"column":55}},"9":{"start":{"line":42,"column":35},"end":{"line":42,"column":55}},"10":{"start":{"line":48,"column":41},"end":{"line":48,"column":54}}},"fnMap":{"0":{"name":"(anonymous_0)","decl":{"start":{"line":19,"column":33},"end":{"line":19,"column":34}},"loc":{"start":{"line":24,"column":6},"end":{"line":55,"column":1}},"line":24},"1":{"name":"(anonymous_1)","decl":{"start":{"line":25,"column":24},"end":{"line":25,"column":25}},"loc":{"start":{"line":25,"column":42},"end":{"line":32,"column":3}},"line":25},"2":{"name":"(anonymous_2)","decl":{"start":{"line":38,"column":29},"end":{"line":38,"column":30}},"loc":{"start":{"line":38,"column":35},"end":{"line":38,"column":55}},"line":38},"3":{"name":"(anonymous_3)","decl":{"start":{"line":42,"column":29},"end":{"line":42,"column":30}},"loc":{"start":{"line":42,"column":35},"end":{"line":42,"column":55}},"line":42},"4":{"name":"(anonymous_4)","decl":{"start":{"line":48,"column":35},"end":{"line":48,"column":36}},"loc":{"start":{"line":48,"column":41},"end":{"line":48,"column":54}},"line":48}},"branchMap":{"0":{"loc":{"start":{"line":36,"column":7},"end":{"line":52,"column":7}},"type":"cond-expr","locations":[{"start":{"line":37,"column":8},"end":{"line":45,"column":19}},{"start":{"line":47,"column":8},"end":{"line":51,"column":21}}],"line":36},"1":{"loc":{"start":{"line":39,"column":13},"end":{"line":39,"column":55}},"type":"binary-expr","locations":[{"start":{"line":39,"column":13},"end":{"line":39,"column":28}},{"start":{"line":39,"column":32},"end":{"line":39,"column":55}}],"line":39}},"s":{"0":2,"1":36,"2":0,"3":0,"4":0,"5":0,"6":0,"7":36,"8":0,"9":0,"10":0},"f":{"0":36,"1":0,"2":0,"3":0,"4":0},"b":{"0":[0,36],"1":[0,0]},"_coverageSchema":"43e27e138ebf9cfc5966b082cf9a028302ed4184","hash":"aacecd7f499049d25d9df943b6cdd6543e689765"}
,"/Users/alka/Desktop/CL-React-Native/src/components/onboarding/slideButtons/slideButtonStyles.ts": {"path":"/Users/alka/Desktop/CL-React-Native/src/components/onboarding/slideButtons/slideButtonStyles.ts","statementMap":{"0":{"start":{"line":8,"column":25},"end":{"line":13,"column":1}},"1":{"start":{"line":15,"column":22},"end":{"line":21,"column":1}},"2":{"start":{"line":19,"column":44},"end":{"line":19,"column":74}},"3":{"start":{"line":23,"column":29},"end":{"line":27,"column":1}},"4":{"start":{"line":29,"column":23},"end":{"line":33,"column":1}},"5":{"start":{"line":35,"column":24},"end":{"line":37,"column":1}},"6":{"start":{"line":39,"column":26},"end":{"line":43,"column":1}},"7":{"start":{"line":45,"column":30},"end":{"line":50,"column":1}}},"fnMap":{"0":{"name":"(anonymous_0)","decl":{"start":{"line":19,"column":24},"end":{"line":19,"column":25}},"loc":{"start":{"line":19,"column":44},"end":{"line":19,"column":74}},"line":19}},"branchMap":{"0":{"loc":{"start":{"line":19,"column":44},"end":{"line":19,"column":74}},"type":"cond-expr","locations":[{"start":{"line":19,"column":59},"end":{"line":19,"column":65}},{"start":{"line":19,"column":68},"end":{"line":19,"column":74}}],"line":19}},"s":{"0":2,"1":2,"2":0,"3":2,"4":2,"5":2,"6":2,"7":2},"f":{"0":0},"b":{"0":[0,0]},"_coverageSchema":"43e27e138ebf9cfc5966b082cf9a028302ed4184","hash":"1266542cf0a924fbc45def5e99af665e7f1bb6bf"}
,"/Users/alka/Desktop/CL-React-Native/src/components/utils/index.ts": {"path":"/Users/alka/Desktop/CL-React-Native/src/components/utils/index.ts","statementMap":{"0":{"start":{"line":3,"column":28},"end":{"line":8,"column":1}},"1":{"start":{"line":4,"column":22},"end":{"line":4,"column":52}},"2":{"start":{"line":6,"column":20},"end":{"line":6,"column":44}},"3":{"start":{"line":7,"column":2},"end":{"line":7,"column":73}},"4":{"start":{"line":10,"column":29},"end":{"line":15,"column":1}},"5":{"start":{"line":11,"column":23},"end":{"line":11,"column":54}},"6":{"start":{"line":13,"column":21},"end":{"line":13,"column":46}},"7":{"start":{"line":14,"column":2},"end":{"line":14,"column":75}},"8":{"start":{"line":17,"column":22},"end":{"line":19,"column":1}},"9":{"start":{"line":18,"column":2},"end":{"line":18,"column":53}},"10":{"start":{"line":21,"column":17},"end":{"line":23,"column":1}},"11":{"start":{"line":22,"column":2},"end":{"line":22,"column":43}},"12":{"start":{"line":25,"column":19},"end":{"line":36,"column":1}},"13":{"start":{"line":26,"column":18},"end":{"line":34,"column":3}},"14":{"start":{"line":35,"column":2},"end":{"line":35,"column":29}}},"fnMap":{"0":{"name":"(anonymous_0)","decl":{"start":{"line":3,"column":28},"end":{"line":3,"column":29}},"loc":{"start":{"line":3,"column":46},"end":{"line":8,"column":1}},"line":3},"1":{"name":"(anonymous_1)","decl":{"start":{"line":10,"column":29},"end":{"line":10,"column":30}},"loc":{"start":{"line":10,"column":48},"end":{"line":15,"column":1}},"line":10},"2":{"name":"(anonymous_2)","decl":{"start":{"line":17,"column":22},"end":{"line":17,"column":23}},"loc":{"start":{"line":17,"column":38},"end":{"line":19,"column":1}},"line":17},"3":{"name":"(anonymous_3)","decl":{"start":{"line":21,"column":17},"end":{"line":21,"column":18}},"loc":{"start":{"line":21,"column":56},"end":{"line":23,"column":1}},"line":21},"4":{"name":"(anonymous_4)","decl":{"start":{"line":25,"column":19},"end":{"line":25,"column":20}},"loc":{"start":{"line":25,"column":36},"end":{"line":36,"column":1}},"line":25}},"branchMap":{"0":{"loc":{"start":{"line":18,"column":9},"end":{"line":18,"column":52}},"type":"binary-expr","locations":[{"start":{"line":18,"column":9},"end":{"line":18,"column":34}},{"start":{"line":18,"column":38},"end":{"line":18,"column":52}}],"line":18},"1":{"loc":{"start":{"line":21,"column":32},"end":{"line":21,"column":51}},"type":"default-arg","locations":[{"start":{"line":21,"column":49},"end":{"line":21,"column":51}}],"line":21}},"s":{"0":4,"1":14,"2":14,"3":14,"4":4,"5":5,"6":5,"7":5,"8":4,"9":1,"10":4,"11":1,"12":4,"13":1,"14":1},"f":{"0":14,"1":5,"2":1,"3":1,"4":1},"b":{"0":[1,0],"1":[1]},"_coverageSchema":"43e27e138ebf9cfc5966b082cf9a028302ed4184","hash":"d3d0da18131070bc629b76dd159f064eb8779186"}
}
