{"/Users/alka/Desktop/CL-React-Native/App.tsx": {"path":"/Users/alka/Desktop/CL-React-Native/App.tsx","statementMap":{"0":{"start":{"line":31,"column":12},"end":{"line":77,"column":1}},"1":{"start":{"line":32,"column":2},"end":{"line":76,"column":4}},"2":{"start":{"line":79,"column":15},"end":{"line":116,"column":2}}},"fnMap":{"0":{"name":"(anonymous_0)","decl":{"start":{"line":31,"column":12},"end":{"line":31,"column":13}},"loc":{"start":{"line":31,"column":18},"end":{"line":77,"column":1}},"line":31}},"branchMap":{"0":{"loc":{"start":{"line":40,"column":11},"end":{"line":44,"column":11}},"type":"cond-expr","locations":[{"start":{"line":40,"column":43},"end":{"line":40,"column":47}},{"start":{"line":41,"column":12},"end":{"line":43,"column":19}}],"line":40}},"s":{"0":1,"1":1,"2":1},"f":{"0":1},"b":{"0":[1,0]},"_coverageSchema":"43e27e138ebf9cfc5966b082cf9a028302ed4184","hash":"3c79140b12261af5b36e169262823f699caf02df"}
,"/Users/alka/Desktop/CL-React-Native/src/components/onboarding/index.tsx": {"path":"/Users/alka/Desktop/CL-React-Native/src/components/onboarding/index.tsx","statementMap":{"0":{"start":{"line":13,"column":31},"end":{"line":24,"column":1}},"1":{"start":{"line":15,"column":4},"end":{"line":23,"column":13}},"2":{"start":{"line":17,"column":42},"end":{"line":17,"column":58}},"3":{"start":{"line":19,"column":40},"end":{"line":19,"column":60}}},"fnMap":{"0":{"name":"(anonymous_0)","decl":{"start":{"line":13,"column":31},"end":{"line":13,"column":32}},"loc":{"start":{"line":13,"column":90},"end":{"line":24,"column":1}},"line":13},"1":{"name":"(anonymous_1)","decl":{"start":{"line":17,"column":30},"end":{"line":17,"column":31}},"loc":{"start":{"line":17,"column":42},"end":{"line":17,"column":58}},"line":17},"2":{"name":"(anonymous_2)","decl":{"start":{"line":19,"column":28},"end":{"line":19,"column":29}},"loc":{"start":{"line":19,"column":40},"end":{"line":19,"column":60}},"line":19}},"branchMap":{"0":{"loc":{"start":{"line":13,"column":33},"end":{"line":13,"column":63}},"type":"default-arg","locations":[{"start":{"line":13,"column":40},"end":{"line":13,"column":63}}],"line":13},"1":{"loc":{"start":{"line":13,"column":65},"end":{"line":13,"column":84}},"type":"default-arg","locations":[{"start":{"line":13,"column":80},"end":{"line":13,"column":84}}],"line":13},"2":{"loc":{"start":{"line":22,"column":9},"end":{"line":22,"column":40}},"type":"binary-expr","locations":[{"start":{"line":22,"column":9},"end":{"line":22,"column":21}},{"start":{"line":22,"column":25},"end":{"line":22,"column":40}}],"line":22}},"s":{"0":1,"1":18,"2":18,"3":18},"f":{"0":18,"1":18,"2":18},"b":{"0":[0],"1":[0],"2":[18,18]},"_coverageSchema":"43e27e138ebf9cfc5966b082cf9a028302ed4184","hash":"0aa630c4a6d6e3faa95519b99a805cda4ffe7182"}
,"/Users/alka/Desktop/CL-React-Native/src/components/onboarding/slide/index.tsx": {"path":"/Users/alka/Desktop/CL-React-Native/src/components/onboarding/slide/index.tsx","statementMap":{"0":{"start":{"line":7,"column":25},"end":{"line":9,"column":1}},"1":{"start":{"line":8,"column":4},"end":{"line":8,"column":24}}},"fnMap":{"0":{"name":"(anonymous_0)","decl":{"start":{"line":7,"column":25},"end":{"line":7,"column":26}},"loc":{"start":{"line":7,"column":37},"end":{"line":9,"column":1}},"line":7}},"branchMap":{},"s":{"0":2,"1":21},"f":{"0":21},"b":{},"_coverageSchema":"43e27e138ebf9cfc5966b082cf9a028302ed4184","hash":"565798ec9c74cf67bbc1145e2cddb480677413e6"}
,"/Users/alka/Desktop/CL-React-Native/src/components/onboarding/slide/slide.styles.ts": {"path":"/Users/alka/Desktop/CL-React-Native/src/components/onboarding/slide/slide.styles.ts","statementMap":{"0":{"start":{"line":3,"column":25},"end":{"line":6,"column":1}}},"fnMap":{},"branchMap":{},"s":{"0":2},"f":{},"b":{},"_coverageSchema":"43e27e138ebf9cfc5966b082cf9a028302ed4184","hash":"7c89585fe61c4f40dfda3ae4c5affcde758894d7"}
,"/Users/alka/Desktop/CL-React-Native/src/components/onboarding/slideButtons/index.tsx": {"path":"/Users/alka/Desktop/CL-React-Native/src/components/onboarding/slideButtons/index.tsx","statementMap":{"0":{"start":{"line":5,"column":21},"end":{"line":7,"column":1}},"1":{"start":{"line":6,"column":4},"end":{"line":6,"column":42}}},"fnMap":{"0":{"name":"(anonymous_0)","decl":{"start":{"line":5,"column":21},"end":{"line":5,"column":22}},"loc":{"start":{"line":5,"column":27},"end":{"line":7,"column":1}},"line":5}},"branchMap":{},"s":{"0":1,"1":18},"f":{"0":18},"b":{},"_coverageSchema":"43e27e138ebf9cfc5966b082cf9a028302ed4184","hash":"ec9dd7d9cb406d85791d8cad17d931b0dc48b98b"}
}
