TN:
SF:/Users/alka/Desktop/CL-React-Native/App.tsx
FN:31,(anonymous_0)
FNF:1
FNH:1
FNDA:1,(anonymous_0)
DA:31,1
DA:32,1
DA:79,1
LF:3
LH:3
BRDA:40,0,0,1
BRDA:40,0,1,0
BRF:2
BRH:1
end_of_record
TN:
SF:/Users/alka/Desktop/CL-React-Native/demo/navigation.tsx
FN:10,(anonymous_0)
FN:17,(anonymous_1)
FN:25,(anonymous_2)
FN:30,(anonymous_3)
FN:34,(anonymous_4)
FNF:5
FNH:2
FNDA:3,(anonymous_0)
FNDA:0,(anonymous_1)
FNDA:0,(anonymous_2)
FNDA:0,(anonymous_3)
FNDA:3,(anonymous_4)
DA:5,1
DA:10,3
DA:17,0
DA:22,1
DA:25,0
DA:30,0
DA:34,3
LF:7
LH:4
BRF:0
BRH:0
end_of_record
TN:
SF:/Users/alka/Desktop/CL-React-Native/src/components/navigation/index.tsx
FN:13,(anonymous_0)
FNF:1
FNH:1
FNDA:3,(anonymous_0)
DA:13,1
DA:14,3
LF:2
LH:2
BRF:0
BRH:0
end_of_record
TN:
SF:/Users/alka/Desktop/CL-React-Native/src/components/navigation/screens.tsx
FN:29,(anonymous_0)
FN:37,(anonymous_1)
FN:47,(anonymous_2)
FN:49,(anonymous_3)
FN:73,(anonymous_4)
FN:95,(anonymous_5)
FNF:6
FNH:6
FNDA:3,(anonymous_0)
FNDA:12,(anonymous_1)
FNDA:3,(anonymous_2)
FNDA:3,(anonymous_3)
FNDA:3,(anonymous_4)
FNDA:3,(anonymous_5)
DA:8,1
DA:10,1
DA:29,1
DA:30,3
DA:32,3
DA:33,3
DA:34,6
DA:35,6
DA:38,12
DA:43,3
DA:47,1
DA:49,3
DA:55,3
DA:73,1
DA:74,3
DA:75,3
DA:76,6
DA:77,6
DA:80,3
DA:95,1
DA:96,3
LF:21
LH:21
BRDA:32,0,0,3
BRDA:32,0,1,0
BRDA:38,1,0,6
BRDA:38,1,1,6
BRDA:76,2,0,3
BRDA:77,3,0,6
BRDA:77,3,1,3
BRDA:97,4,0,3
BRDA:97,4,1,3
BRDA:97,4,2,3
BRF:10
BRH:9
end_of_record
TN:
SF:/Users/alka/Desktop/CL-React-Native/src/components/onboarding/index.tsx
FN:23,(anonymous_0)
FN:32,(anonymous_1)
FN:41,(anonymous_2)
FN:53,(anonymous_3)
FN:58,(anonymous_4)
FNF:5
FNH:3
FNDA:24,(anonymous_0)
FNDA:0,(anonymous_1)
FNDA:0,(anonymous_2)
FNDA:24,(anonymous_3)
FNDA:24,(anonymous_4)
DA:23,1
DA:30,24
DA:31,24
DA:32,24
DA:33,0
DA:34,0
DA:37,0
DA:38,0
DA:41,24
DA:42,0
DA:43,0
DA:49,24
DA:53,24
DA:59,24
LF:14
LH:8
BRDA:24,0,0,0
BRDA:25,1,0,0
BRDA:26,2,0,0
BRDA:27,3,0,24
BRDA:45,4,0,0
BRDA:45,4,1,0
BRDA:64,5,0,24
BRDA:64,5,1,24
BRF:8
BRH:3
end_of_record
TN:
SF:/Users/alka/Desktop/CL-React-Native/src/components/onboarding/onboardingStyles.tsx
FN:7,(anonymous_0)
FNF:1
FNH:1
FNDA:24,(anonymous_0)
DA:6,1
DA:7,24
LF:2
LH:2
BRF:0
BRH:0
end_of_record
TN:
SF:/Users/alka/Desktop/CL-React-Native/src/components/onboarding/slide/index.tsx
FN:16,(anonymous_0)
FNF:1
FNH:1
FNDA:58,(anonymous_0)
DA:16,2
DA:20,58
LF:2
LH:2
BRDA:17,0,0,24
BRDA:18,1,0,0
BRDA:22,2,0,0
BRDA:22,2,1,58
BRDA:26,3,0,58
BRDA:26,3,1,0
BRDA:28,4,0,58
BRDA:28,4,1,58
BRDA:29,5,0,58
BRDA:29,5,1,58
BRF:10
BRH:7
end_of_record
TN:
SF:/Users/alka/Desktop/CL-React-Native/src/components/onboarding/slide/slide.styles.ts
FN:10,(anonymous_0)
FNF:1
FNH:1
FNDA:58,(anonymous_0)
DA:8,2
DA:10,58
DA:16,2
DA:23,2
DA:30,2
DA:37,2
DA:43,2
LF:7
LH:7
BRF:0
BRH:0
end_of_record
TN:
SF:/Users/alka/Desktop/CL-React-Native/src/components/onboarding/slideButtons/index.tsx
FN:19,(anonymous_0)
FN:25,(anonymous_1)
FN:38,(anonymous_2)
FN:42,(anonymous_3)
FN:48,(anonymous_4)
FNF:5
FNH:1
FNDA:38,(anonymous_0)
FNDA:0,(anonymous_1)
FNDA:0,(anonymous_2)
FNDA:0,(anonymous_3)
FNDA:0,(anonymous_4)
DA:19,2
DA:25,38
DA:26,0
DA:28,0
DA:29,0
DA:31,0
DA:34,38
DA:38,0
DA:42,0
DA:48,0
LF:10
LH:3
BRDA:36,0,0,0
BRDA:36,0,1,38
BRDA:39,1,0,0
BRDA:39,1,1,0
BRF:4
BRH:1
end_of_record
TN:
SF:/Users/alka/Desktop/CL-React-Native/src/components/onboarding/slideButtons/slideButtonStyles.ts
FN:19,(anonymous_0)
FNF:1
FNH:0
FNDA:0,(anonymous_0)
DA:8,2
DA:15,2
DA:19,0
DA:23,2
DA:29,2
DA:35,2
DA:39,2
DA:45,2
LF:8
LH:7
BRDA:19,0,0,0
BRDA:19,0,1,0
BRF:2
BRH:0
end_of_record
TN:
SF:/Users/alka/Desktop/CL-React-Native/src/components/utils/index.ts
FN:3,(anonymous_0)
FN:10,(anonymous_1)
FN:17,(anonymous_2)
FN:21,(anonymous_3)
FN:25,(anonymous_4)
FNF:5
FNH:5
FNDA:14,(anonymous_0)
FNDA:5,(anonymous_1)
FNDA:4,(anonymous_2)
FNDA:1,(anonymous_3)
FNDA:1,(anonymous_4)
DA:3,5
DA:4,14
DA:6,14
DA:7,14
DA:10,5
DA:11,5
DA:13,5
DA:14,5
DA:17,5
DA:18,4
DA:21,5
DA:22,1
DA:25,5
DA:26,1
DA:35,1
LF:15
LH:15
BRDA:18,0,0,4
BRDA:18,0,1,3
BRDA:21,1,0,1
BRF:3
BRH:3
end_of_record
