TN:
SF:/Users/alka/Desktop/CL-React-Native/App.tsx
FN:31,(anonymous_0)
FNF:1
FNH:1
FNDA:1,(anonymous_0)
DA:31,1
DA:32,1
DA:79,1
LF:3
LH:3
BRDA:40,0,0,1
BRDA:40,0,1,0
BRF:2
BRH:1
end_of_record
TN:
SF:/Users/alka/Desktop/CL-React-Native/src/components/onboarding/index.tsx
FN:22,(anonymous_0)
FN:30,(anonymous_1)
FN:39,(anonymous_2)
FN:51,(anonymous_3)
FN:56,(anonymous_4)
FNF:5
FNH:3
FNDA:30,(anonymous_0)
FNDA:0,(anonymous_1)
FNDA:0,(anonymous_2)
FNDA:30,(anonymous_3)
FNDA:30,(anonymous_4)
DA:22,1
DA:28,30
DA:29,30
DA:30,30
DA:31,0
DA:32,0
DA:35,0
DA:36,0
DA:39,30
DA:40,0
DA:41,0
DA:47,30
DA:51,30
DA:57,30
LF:14
LH:8
BRDA:23,0,0,0
BRDA:24,1,0,0
BRDA:25,2,0,0
BRDA:43,3,0,0
BRDA:43,3,1,0
BRDA:62,4,0,30
BRDA:62,4,1,30
BRF:7
BRH:2
end_of_record
TN:
SF:/Users/alka/Desktop/CL-React-Native/src/components/onboarding/onboardingStyles.tsx
FNF:0
FNH:0
DA:3,1
LF:1
LH:1
BRF:0
BRH:0
end_of_record
TN:
SF:/Users/alka/Desktop/CL-React-Native/src/components/onboarding/slide/index.tsx
FN:22,(anonymous_0)
FNF:1
FNH:1
FNDA:76,(anonymous_0)
DA:22,2
DA:27,76
LF:2
LH:2
BRDA:23,0,0,60
BRDA:29,1,0,0
BRDA:29,1,1,76
BRDA:30,2,0,76
BRDA:30,2,1,0
BRDA:32,3,0,76
BRDA:32,3,1,46
BRDA:33,4,0,76
BRDA:33,4,1,46
BRF:9
BRH:7
end_of_record
TN:
SF:/Users/alka/Desktop/CL-React-Native/src/components/onboarding/slide/slide.styles.ts
FNF:0
FNH:0
DA:5,2
DA:13,2
DA:20,2
DA:27,2
DA:34,2
DA:40,2
LF:6
LH:6
BRF:0
BRH:0
end_of_record
TN:
SF:/Users/alka/Desktop/CL-React-Native/src/components/onboarding/slideButtons/index.tsx
FN:20,(anonymous_0)
FN:26,(anonymous_1)
FN:39,(anonymous_2)
FN:43,(anonymous_3)
FN:49,(anonymous_4)
FNF:5
FNH:1
FNDA:44,(anonymous_0)
FNDA:0,(anonymous_1)
FNDA:0,(anonymous_2)
FNDA:0,(anonymous_3)
FNDA:0,(anonymous_4)
DA:20,2
DA:26,44
DA:27,0
DA:29,0
DA:30,0
DA:32,0
DA:35,44
DA:39,0
DA:43,0
DA:49,0
LF:10
LH:3
BRDA:37,0,0,0
BRDA:37,0,1,44
BRDA:40,1,0,0
BRDA:40,1,1,0
BRF:4
BRH:1
end_of_record
TN:
SF:/Users/alka/Desktop/CL-React-Native/src/components/onboarding/slideButtons/slideButtonStyles.ts
FN:19,(anonymous_0)
FNF:1
FNH:0
FNDA:0,(anonymous_0)
DA:8,2
DA:15,2
DA:19,0
DA:23,2
DA:29,2
DA:35,2
DA:39,2
DA:45,2
LF:8
LH:7
BRDA:19,0,0,0
BRDA:19,0,1,0
BRF:2
BRH:0
end_of_record
TN:
SF:/Users/alka/Desktop/CL-React-Native/src/components/utils/index.ts
FN:3,(anonymous_0)
FN:10,(anonymous_1)
FN:17,(anonymous_2)
FN:21,(anonymous_3)
FN:25,(anonymous_4)
FNF:5
FNH:5
FNDA:14,(anonymous_0)
FNDA:5,(anonymous_1)
FNDA:1,(anonymous_2)
FNDA:1,(anonymous_3)
FNDA:1,(anonymous_4)
DA:3,4
DA:4,14
DA:6,14
DA:7,14
DA:10,4
DA:11,5
DA:13,5
DA:14,5
DA:17,4
DA:18,1
DA:21,4
DA:22,1
DA:25,4
DA:26,1
DA:35,1
LF:15
LH:15
BRDA:18,0,0,1
BRDA:18,0,1,0
BRDA:21,1,0,1
BRF:3
BRH:2
end_of_record
